<?xml version="1.0" encoding="UTF-8"?>
<!-- Generated by org.testng.reporters.JUnitReportReporter -->
<testsuite name="com.project.testcases.TestProfile" tests="1" time="23.013" ignored="0" failures="0" timestamp="11 Apr 2020 06:36:48 GMT" skipped="0" hostname="DESKTOP-QB7C77V" errors="0">
  <testcase name="profile" time="23.013" classname="com.project.testcases.TestProfile"/>
</testsuite> <!-- com.project.testcases.TestProfile -->
