<?xml version="1.0" encoding="UTF-8"?>
<!-- Generated by org.testng.reporters.JUnitReportReporter -->
<testsuite name="com.project.testcases.Logintest" tests="1" time="35.968" ignored="0" failures="0" timestamp="04 Apr 2020 06:31:53 GMT" skipped="0" hostname="DESKTOP-QB7C77V" errors="0">
  <testcase name="profile" time="35.968" classname="com.project.testcases.Logintest"/>
</testsuite> <!-- com.project.testcases.Logintest -->
